============100
============200
============300
============400
============499
============598
============697
============797
============897
============996
============1095
============1195
============1295
============1394
============1493
============1593
============1693
============1767
1767
twitter page user tableName = a_twitter_user2018-02-21 20:00:13.039321 spend time = 0:00:11.869272
the number of page_id is 186
pageId:2870107849
The number of post per page is 200
The amount of post this page is 200
The number of data has been inserted into database is 1
-------------------------------
pageId:2923527414
The number of post per page is 200
The amount of post this page is 200
The number of data has been inserted into database is 2
-------------------------------
pageId:751412829987549184
The number of post per page is 85
The amount of post this page is 85
The number of data has been inserted into database is 3
-------------------------------
pageId:771254492352253953
The number of post per page is 90
The amount of post this page is 90
The number of data has been inserted into database is 4
-------------------------------
pageId:774164664460587009
The number of post per page is 81
The amount of post this page is 81
The number of data has been inserted into database is 5
-------------------------------
pageId:781766739029700608
The number of post per page is 93
The amount of post this page is 93
The number of data has been inserted into database is 6
-------------------------------
pageId:784934775974789120
The number of post per page is 72
The amount of post this page is 72
The number of data has been inserted into database is 7
-------------------------------
pageId:789277009520173061
The number of post per page is 199
The amount of post this page is 199
The number of data has been inserted into database is 8
-------------------------------
pageId:789362430266650624
The number of post per page is 160
The amount of post this page is 160
The number of data has been inserted into database is 9
-------------------------------
pageId:794085251026976768
The number of post per page is 67
The amount of post this page is 67
The number of data has been inserted into database is 10
-------------------------------
pageId:794471403093258240
The number of post per page is 75
The amount of post this page is 75
The number of data has been inserted into database is 11
-------------------------------
pageId:795804819088777216
The number of post per page is 65
The amount of post this page is 65
The number of data has been inserted into database is 12
-------------------------------
pageId:798353673042546688
The number of post per page is 123
The amount of post this page is 123
The number of data has been inserted into database is 13
-------------------------------
pageId:798470108788051968
The number of post per page is 69
The amount of post this page is 69
The number of data has been inserted into database is 14
-------------------------------
pageId:804532348586848256
The number of post per page is 62
The amount of post this page is 62
The number of data has been inserted into database is 15
-------------------------------
pageId:815380210543529984
The number of post per page is 65
The amount of post this page is 65
The number of data has been inserted into database is 16
-------------------------------
pageId:816931032704266240
The number of post per page is 200
The amount of post this page is 200
The number of data has been inserted into database is 17
-------------------------------
pageId:817288014569226241
The number of post per page is 59
The amount of post this page is 59
The number of data has been inserted into database is 18
-------------------------------
pageId:2613180445
The number of post per page is 200
The amount of post this page is 200
The number of data has been inserted into database is 19
-------------------------------
pageId:3069034292
The number of post per page is 9
The amount of post this page is 9
The number of data has been inserted into database is 20
-------------------------------
pageId:4919026994
The number of post per page is 200
The amount of post this page is 200
The number of data has been inserted into database is 21
-------------------------------
pageId:745067214764576768
The number of post per page is 200
The amount of post this page is 200
The number of data has been inserted into database is 22
-------------------------------
pageId:2534423185
The number of post per page is 200
The amount of post this page is 200
The number of data has been inserted into database is 23
-------------------------------
pageId:2868648864
The number of post per page is 199
The amount of post this page is 199
The number of data has been inserted into database is 24
-------------------------------
pageId:2775635611
The number of post per page is 200
The amount of post this page is 200
The number of data has been inserted into database is 25
-------------------------------
pageId:2963874448
The number of post per page is 200
The amount of post this page is 200
The number of data has been inserted into database is 26
-------------------------------
pageId:772812420364533760
The number of post per page is 97
The amount of post this page is 97
The number of data has been inserted into database is 27
-------------------------------
pageId:823446100983959552
The number of post per page is 54
The amount of post this page is 54
The number of data has been inserted into database is 28
-------------------------------
pageId:767944421467754496
The number of post per page is 121
The amount of post this page is 121
The number of data has been inserted into database is 29
-------------------------------
pageId:2198862998
The number of post per page is 200
The amount of post this page is 200
The number of data has been inserted into database is 30
-------------------------------
pageId:3097165470
The number of post per page is 200
The amount of post this page is 200
The number of data has been inserted into database is 31
-------------------------------
pageId:2997678150
The number of post per page is 2
The amount of post this page is 2
The number of data has been inserted into database is 32
-------------------------------
pageId:2242189550
The number of post per page is 200
pageId:2242189550
The number of post per page is 200
The amount of post this page is 400
The number of data has been inserted into database is 33
-------------------------------
pageId:579882237
The number of post per page is 200
The amount of post this page is 200
The number of data has been inserted into database is 34
-------------------------------
pageId:3266803406
The number of post per page is 200
The amount of post this page is 200
The number of data has been inserted into database is 35
-------------------------------
pageId:2965476474
The number of post per page is 200
The amount of post this page is 200
The number of data has been inserted into database is 36
-------------------------------
pageId:829602369864245250
The number of post per page is 49
The amount of post this page is 49
The number of data has been inserted into database is 37
-------------------------------
pageId:829267026304724992
The number of post per page is 44
The amount of post this page is 44
The number of data has been inserted into database is 38
-------------------------------
pageId:831074865780187137
The number of post per page is 51
The amount of post this page is 51
The number of data has been inserted into database is 39
-------------------------------
pageId:3471033852
The number of post per page is 200
The amount of post this page is 200
The number of data has been inserted into database is 40
-------------------------------
pageId:3421018393
The number of post per page is 21
The amount of post this page is 21
The number of data has been inserted into database is 41
-------------------------------
pageId:837129497992294400
The number of post per page is 46
The amount of post this page is 46
The number of data has been inserted into database is 42
-------------------------------
pageId:841470784660885504
The number of post per page is 200
The amount of post this page is 200
The number of data has been inserted into database is 43
-------------------------------
pageId:830974104110903296
The number of post per page is 38
The amount of post this page is 38
The number of data has been inserted into database is 44
-------------------------------
pageId:842620876164014084
The number of post per page is 47
The amount of post this page is 47
The number of data has been inserted into database is 45
-------------------------------
pageId:779169674562981888
The number of post per page is 115
The amount of post this page is 115
The number of data has been inserted into database is 46
-------------------------------
pageId:836832727844405249
The number of post per page is 43
The amount of post this page is 43
The number of data has been inserted into database is 47
-------------------------------
pageId:849790739483467776
The number of post per page is 52
The amount of post this page is 52
The number of data has been inserted into database is 48
-------------------------------
pageId:854216143728394240
The number of post per page is 42
The amount of post this page is 42
The number of data has been inserted into database is 49
-------------------------------
pageId:862512170319335424
The number of post per page is 32
The amount of post this page is 32
The number of data has been inserted into database is 50
-------------------------------
pageId:874580030654791681
The number of post per page is 3
The amount of post this page is 3
The number of data has been inserted into database is 51
-------------------------------
pageId:822215679726100480
The number of post per page is 200
The amount of post this page is 200
The number of data has been inserted into database is 52
-------------------------------
The amount of post this page is 0
The number of data has been inserted into database is 53
-------------------------------
pageId:33400255
The number of post per page is 200
pageId:33400255
The number of post per page is 200
pageId:33400255
The number of post per page is 200
pageId:33400255
The number of post per page is 200
pageId:33400255
The number of post per page is 200
The amount of post this page is 1000
The number of data has been inserted into database is 54
-------------------------------
pageId:25073877
The number of post per page is 200
The amount of post this page is 200
The number of data has been inserted into database is 55
-------------------------------
pageId:487118986
The number of post per page is 200
pageId:487118986
The number of post per page is 200
pageId:487118986
The number of post per page is 200
pageId:487118986
The number of post per page is 200
pageId:487118986
The number of post per page is 200
pageId:487118986
The number of post per page is 200
pageId:487118986
The number of post per page is 200
pageId:487118986
The number of post per page is 200
pageId:487118986
The number of post per page is 200
pageId:487118986
The number of post per page is 200
pageId:487118986
The number of post per page is 200
pageId:487118986
The number of post per page is 200
pageId:487118986
The number of post per page is 200
pageId:487118986
The number of post per page is 200
The amount of post this page is 2800
The number of data has been inserted into database is 56
-------------------------------
pageId:303862998
The number of post per page is 200
pageId:303862998
The number of post per page is 200
pageId:303862998
The number of post per page is 200
pageId:303862998
The number of post per page is 200
The amount of post this page is 800
The number of data has been inserted into database is 57
-------------------------------
pageId:1115874631
The number of post per page is 200
pageId:1115874631
The number of post per page is 200
pageId:1115874631
The number of post per page is 200
pageId:1115874631
The number of post per page is 200
pageId:1115874631
The number of post per page is 200
pageId:1115874631
The number of post per page is 200
pageId:1115874631
The number of post per page is 200
pageId:1115874631
The number of post per page is 200
pageId:1115874631
The number of post per page is 200
pageId:1115874631
The number of post per page is 200
pageId:1115874631
The number of post per page is 200
pageId:1115874631
The number of post per page is 200
pageId:1115874631
The number of post per page is 200
pageId:1115874631
The number of post per page is 200
The amount of post this page is 2800
The number of data has been inserted into database is 58
-------------------------------
pageId:619855057
The number of post per page is 200
pageId:619855057
The number of post per page is 200
pageId:619855057
The number of post per page is 200
pageId:619855057
The number of post per page is 200
The amount of post this page is 800
The number of data has been inserted into database is 59
-------------------------------
pageId:1667162474
The number of post per page is 200
pageId:1667162474
The number of post per page is 200
pageId:1667162474
The number of post per page is 200
The amount of post this page is 600
The number of data has been inserted into database is 60
-------------------------------
pageId:620136960
The number of post per page is 200
pageId:620136960
The number of post per page is 200
pageId:620136960
The number of post per page is 200
pageId:620136960
The number of post per page is 200
pageId:620136960
The number of post per page is 200
pageId:620136960
The number of post per page is 200
The amount of post this page is 1200
The number of data has been inserted into database is 61
-------------------------------
pageId:761469053181370369
The number of post per page is 200
pageId:761469053181370369
The number of post per page is 200
pageId:761469053181370369
The number of post per page is 200
pageId:761469053181370369
The number of post per page is 200
pageId:761469053181370369
The number of post per page is 200
The amount of post this page is 1000
The number of data has been inserted into database is 62
-------------------------------
pageId:785000165350346753
The number of post per page is 200
pageId:785000165350346753
The number of post per page is 200
The amount of post this page is 400
The number of data has been inserted into database is 63
-------------------------------
pageId:805692634127736832
The number of post per page is 200
pageId:805692634127736832
The number of post per page is 200
pageId:805692634127736832
The number of post per page is 200
pageId:805692634127736832
The number of post per page is 200
The amount of post this page is 800
The number of data has been inserted into database is 64
-------------------------------
pageId:147491390
The number of post per page is 200
pageId:147491390
The number of post per page is 200
The amount of post this page is 400
The number of data has been inserted into database is 65
-------------------------------
pageId:229390021
The number of post per page is 200
The amount of post this page is 200
The number of data has been inserted into database is 66
-------------------------------
pageId:346335707
The number of post per page is 200
The amount of post this page is 200
The number of data has been inserted into database is 67
-------------------------------
pageId:1064552004
The number of post per page is 200
The amount of post this page is 200
The number of data has been inserted into database is 68
-------------------------------
pageId:347734308
The number of post per page is 200
The amount of post this page is 200
The number of data has been inserted into database is 69
-------------------------------
pageId:522069690
The number of post per page is 200
The amount of post this page is 200
The number of data has been inserted into database is 70
-------------------------------
pageId:1036714537
The number of post per page is 200
The amount of post this page is 200
The number of data has been inserted into database is 71
-------------------------------
pageId:49616273
The number of post per page is 200
pageId:49616273
The number of post per page is 200
pageId:49616273
The number of post per page is 200
pageId:49616273
The number of post per page is 200
pageId:49616273
The number of post per page is 200
pageId:49616273
The number of post per page is 200
pageId:49616273
The number of post per page is 200
pageId:49616273
The number of post per page is 200
The amount of post this page is 1600
The number of data has been inserted into database is 72
-------------------------------
pageId:56644534
The number of post per page is 200
pageId:56644534
The number of post per page is 200
The amount of post this page is 400
The number of data has been inserted into database is 73
-------------------------------
pageId:403295082
The number of post per page is 68
The amount of post this page is 68
The number of data has been inserted into database is 74
-------------------------------
pageId:32296272
The number of post per page is 200
The amount of post this page is 200
The number of data has been inserted into database is 75
-------------------------------
pageId:2985114866
The number of post per page is 200
pageId:2985114866
The number of post per page is 200
The amount of post this page is 400
The number of data has been inserted into database is 76
-------------------------------
pageId:2643944580
The number of post per page is 200
The amount of post this page is 200
The number of data has been inserted into database is 77
-------------------------------
pageId:23922797
The number of post per page is 200
pageId:23922797
The number of post per page is 200
pageId:23922797
The number of post per page is 200
pageId:23922797
The number of post per page is 200
pageId:23922797
The number of post per page is 200
pageId:23922797
The number of post per page is 200
pageId:23922797
The number of post per page is 200
pageId:23922797
The number of post per page is 200
pageId:23922797
The number of post per page is 200
pageId:23922797
The number of post per page is 200
pageId:23922797
The number of post per page is 200
pageId:23922797
The number of post per page is 200
pageId:23922797
The number of post per page is 200
pageId:23922797
The number of post per page is 200
pageId:23922797
The number of post per page is 200
pageId:23922797
The number of post per page is 200
pageId:23922797
The number of post per page is 10
The amount of post this page is 3210
The number of data has been inserted into database is 78
-------------------------------
pageId:18949686
The number of post per page is 200
The amount of post this page is 200
The number of data has been inserted into database is 79
-------------------------------
pageId:599026769
The number of post per page is 200
The amount of post this page is 200
The number of data has been inserted into database is 80
-------------------------------
pageId:338736117
The number of post per page is 200
pageId:338736117
The number of post per page is 200
pageId:338736117
The number of post per page is 200
pageId:338736117
The number of post per page is 200
pageId:338736117
The number of post per page is 200
The amount of post this page is 1000
The number of data has been inserted into database is 81
-------------------------------
pageId:2518321
The number of post per page is 200
The amount of post this page is 200
The number of data has been inserted into database is 82
-------------------------------
pageId:280406148
The number of post per page is 200
pageId:280406148
The number of post per page is 200
pageId:280406148
The number of post per page is 200
The amount of post this page is 600
The number of data has been inserted into database is 83
-------------------------------
pageId:87775422
The number of post per page is 200
pageId:87775422
The number of post per page is 200
pageId:87775422
The number of post per page is 200
pageId:87775422
The number of post per page is 200
pageId:87775422
The number of post per page is 200
pageId:87775422
The number of post per page is 200
pageId:87775422
The number of post per page is 200
pageId:87775422
The number of post per page is 200
pageId:87775422
The number of post per page is 200
The amount of post this page is 1800
The number of data has been inserted into database is 84
-------------------------------
pageId:303919573
The number of post per page is 200
The amount of post this page is 200
The number of data has been inserted into database is 85
-------------------------------
pageId:840353802
The number of post per page is 200
The amount of post this page is 200
The number of data has been inserted into database is 86
-------------------------------
pageId:104146203
The number of post per page is 200
pageId:104146203
The number of post per page is 200
pageId:104146203
The number of post per page is 200
pageId:104146203
The number of post per page is 200
pageId:104146203
The number of post per page is 200
pageId:104146203
The number of post per page is 200
The amount of post this page is 1200
The number of data has been inserted into database is 87
-------------------------------
pageId:4863225432
The number of post per page is 200
The amount of post this page is 200
The number of data has been inserted into database is 88
-------------------------------
pageId:19140447
The number of post per page is 200
pageId:19140447
The number of post per page is 200
pageId:19140447
The number of post per page is 200
pageId:19140447
The number of post per page is 200
The amount of post this page is 800
The number of data has been inserted into database is 89
-------------------------------
pageId:210356514
The number of post per page is 200
The amount of post this page is 200
The number of data has been inserted into database is 90
-------------------------------
pageId:26997623
The number of post per page is 200
The amount of post this page is 200
The number of data has been inserted into database is 91
-------------------------------
pageId:3203731
The number of post per page is 200
pageId:3203731
The number of post per page is 200
The amount of post this page is 400
The number of data has been inserted into database is 92
-------------------------------
pageId:2898949256
The number of post per page is 83
The amount of post this page is 83
The number of data has been inserted into database is 93
-------------------------------
pageId:50910154
The number of post per page is 200
pageId:50910154
The number of post per page is 200
The amount of post this page is 400
The number of data has been inserted into database is 94
-------------------------------
pageId:2810650500
The number of post per page is 200
The amount of post this page is 200
The number of data has been inserted into database is 95
-------------------------------
pageId:1590086534
The number of post per page is 200
The amount of post this page is 200
The number of data has been inserted into database is 96
-------------------------------
pageId:3508175477
The number of post per page is 200
The amount of post this page is 200
The number of data has been inserted into database is 97
-------------------------------
pageId:1860080138
The number of post per page is 200
The amount of post this page is 200
The number of data has been inserted into database is 98
-------------------------------
pageId:539247187
The number of post per page is 200
The amount of post this page is 200
The number of data has been inserted into database is 99
-------------------------------
pageId:1314764664
The number of post per page is 200
The amount of post this page is 200
The number of data has been inserted into database is 100
-------------------------------
pageId:4852886156
The number of post per page is 22
The amount of post this page is 22
The number of data has been inserted into database is 101
-------------------------------
pageId:867618893430259712
The number of post per page is 200
The amount of post this page is 200
The number of data has been inserted into database is 102
-------------------------------
pageId:98047213
The number of post per page is 200
The amount of post this page is 200
The number of data has been inserted into database is 103
-------------------------------
pageId:167324989
The number of post per page is 200
The amount of post this page is 200
The number of data has been inserted into database is 104
-------------------------------
pageId:2292620509
The number of post per page is 200
pageId:2292620509
The number of post per page is 200
The amount of post this page is 400
The number of data has been inserted into database is 105
-------------------------------
pageId:960653964
The number of post per page is 199
The amount of post this page is 199
The number of data has been inserted into database is 106
-------------------------------
pageId:2313218292
The number of post per page is 200
The amount of post this page is 200
The number of data has been inserted into database is 107
-------------------------------
pageId:2866943848
The number of post per page is 200
pageId:2866943848
The number of post per page is 200
The amount of post this page is 400
The number of data has been inserted into database is 108
-------------------------------
str(Exception):	<type 'exceptions.Exception'>
str(e):		[Errno 104] Connection reset by peer
repr(e):	error(104, 'Connection reset by peer')
e.message:	
